#
# There is insufficient memory for the Java Runtime Environment to continue.
# Native memory allocation (malloc) failed to allocate 32744 bytes for ChunkPool::allocate
# Possible reasons:
#   The system is out of physical RAM or swap space
#   In 32 bit mode, the process size limit was hit
# Possible solutions:
#   Reduce memory load on the system
#   Increase physical memory or swap space
#   Check if swap backing store is full
#   Use 64 bit Java on a 64 bit OS
#   Decrease Java heap size (-Xmx/-Xms)
#   Decrease number of Java threads
#   Decrease Java thread stack sizes (-Xss)
#   Set larger code cache with -XX:ReservedCodeCacheSize=
# This output file may be truncated or incomplete.
#
#  Out of Memory Error (allocation.cpp:273), pid=8708, tid=0x0000000000002058
#
# JRE version: Java(TM) SE Runtime Environment (8.0_151-b12) (build 1.8.0_151-b12)
# Java VM: Java HotSpot(TM) 64-Bit Server VM (25.151-b12 mixed mode windows-amd64 compressed oops)
# Failed to write core dump. Minidumps are not enabled by default on client versions of Windows
#

---------------  T H R E A D  ---------------

Current thread (0x0000000019259800):  JavaThread "pool-2-thread-1" [_thread_in_vm, id=8280, stack(0x0000000019960000,0x0000000019a60000)]

Stack: [0x0000000019960000,0x0000000019a60000]
[error occurred during error reporting (printing stack bounds), id 0xc0000005]

Native frames: (J=compiled Java code, j=interpreted, Vv=VM code, C=native code)

Java frames: (J=compiled Java code, j=interpreted, Vv=VM code)
j  java.util.zip.Inflater.inflateBytes(J[BII)I+0
J 114 C1 java.util.zip.Inflater.inflate([BII)I (113 bytes) @ 0x000000000523003c [0x000000000522fd40+0x2fc]
j  java.util.zip.InflaterInputStream.read([BII)I+53
j  sun.misc.Resource.getBytes()[B+115
j  java.net.URLClassLoader.defineClass(Ljava/lang/String;Lsun/misc/Resource;)Ljava/lang/Class;+97
j  java.net.URLClassLoader.access$100(Ljava/net/URLClassLoader;Ljava/lang/String;Lsun/misc/Resource;)Ljava/lang/Class;+3
j  java.net.URLClassLoader$1.run()Ljava/lang/Class;+43
j  java.net.URLClassLoader$1.run()Ljava/lang/Object;+1
v  ~StubRoutines::call_stub
j  java.security.AccessController.doPrivileged(Ljava/security/PrivilegedExceptionAction;Ljava/security/AccessControlContext;)Ljava/lang/Object;+0
j  java.net.URLClassLoader.findClass(Ljava/lang/String;)Ljava/lang/Class;+13
J 103 C1 java.lang.ClassLoader.loadClass(Ljava/lang/String;Z)Ljava/lang/Class; (122 bytes) @ 0x00000000052289ac [0x0000000005228040+0x96c]
j  sun.misc.Launcher$AppClassLoader.loadClass(Ljava/lang/String;Z)Ljava/lang/Class;+81
j  java.lang.ClassLoader.loadClass(Ljava/lang/String;)Ljava/lang/Class;+3
v  ~StubRoutines::call_stub
j  com.android.dx.dex.cf.CfTranslator.translate0(Lcom/android/dx/command/dexer/DxContext;Lcom/android/dx/cf/direct/DirectClassFile;[BLcom/android/dx/dex/cf/CfOptions;Lcom/android/dx/dex/DexOptions;Lcom/android/dx/dex/file/DexFile;)Lcom/android/dx/dex/file/ClassDefItem;+73
j  com.android.dx.dex.cf.CfTranslator.translate(Lcom/android/dx/command/dexer/DxContext;Lcom/android/dx/cf/direct/DirectClassFile;[BLcom/android/dx/dex/cf/CfOptions;Lcom/android/dx/dex/DexOptions;Lcom/android/dx/dex/file/DexFile;)Lcom/android/dx/dex/file/ClassDefItem;+8
j  com.android.dx.command.dexer.Main.translateClass([BLcom/android/dx/cf/direct/DirectClassFile;)Lcom/android/dx/dex/file/ClassDefItem;+24
j  com.android.dx.command.dexer.Main.access$2700(Lcom/android/dx/command/dexer/Main;[BLcom/android/dx/cf/direct/DirectClassFile;)Lcom/android/dx/dex/file/ClassDefItem;+3
j  com.android.dx.command.dexer.Main$ClassTranslatorTask.call()Lcom/android/dx/dex/file/ClassDefItem;+12
j  com.android.dx.command.dexer.Main$ClassTranslatorTask.call()Ljava/lang/Object;+1
j  java.util.concurrent.FutureTask.run()V+42
j  java.util.concurrent.ThreadPoolExecutor.runWorker(Ljava/util/concurrent/ThreadPoolExecutor$Worker;)V+95
j  java.util.concurrent.ThreadPoolExecutor$Worker.run()V+5
j  java.lang.Thread.run()V+11
v  ~StubRoutines::call_stub

---------------  P R O C E S S  ---------------

Java Threads: ( => current thread )
  0x000000001925c800 JavaThread "pool-3-thread-1" [_thread_blocked, id=9112, stack(0x0000000019a60000,0x0000000019b60000)]
=>0x0000000019259800 JavaThread "pool-2-thread-1" [_thread_in_vm, id=8280, stack(0x0000000019960000,0x0000000019a60000)]
  0x0000000019116000 JavaThread "Service Thread" daemon [_thread_blocked, id=12428, stack(0x0000000019610000,0x0000000019710000)]
  0x0000000019110800 JavaThread "C1 CompilerThread2" daemon [_thread_in_vm, id=11504, stack(0x0000000019510000,0x0000000019610000)]
  0x00000000177c0800 JavaThread "C2 CompilerThread1" daemon [_thread_blocked, id=11656, stack(0x0000000019010000,0x0000000019110000)]
  0x00000000177bd800 JavaThread "C2 CompilerThread0" daemon [_thread_blocked, id=10124, stack(0x0000000018f10000,0x0000000019010000)]
  0x00000000177bb800 JavaThread "Attach Listener" daemon [_thread_blocked, id=9280, stack(0x0000000018e10000,0x0000000018f10000)]
  0x00000000177ba000 JavaThread "Signal Dispatcher" daemon [_thread_blocked, id=11608, stack(0x0000000018d10000,0x0000000018e10000)]
  0x00000000050e4800 JavaThread "Finalizer" daemon [_thread_blocked, id=1020, stack(0x0000000018a10000,0x0000000018b10000)]
  0x00000000050e1000 JavaThread "Reference Handler" daemon [_thread_blocked, id=12304, stack(0x0000000018910000,0x0000000018a10000)]
  0x0000000004ff0800 JavaThread "main" [_thread_blocked, id=10024, stack(0x0000000004ef0000,0x0000000004ff0000)]

Other Threads:
  0x0000000017787000 VMThread [stack: 0x0000000018810000,0x0000000018910000] [id=8184]
  0x0000000019119800 WatcherThread [stack: 0x0000000019860000,0x0000000019960000] [id=9912]

VM state:not at safepoint (normal execution)

VM Mutex/Monitor currently owned by a thread:  ([mutex/lock_event])
[0x0000000004e9b6c0] CodeCache_lock - owner thread: 0x0000000019259800
[0x0000000004e9bc10] AdapterHandlerLibrary_lock - owner thread: 0x0000000019259800
[0x0000000004e9d9a0] Compile_lock - owner thread: 0x0000000019110800
[0x0000000004e9d8a0] MethodCompileQueue_lock - owner thread: 0x0000000019110800

Heap:
 PSYoungGen      total 38400K, used 4695K [0x00000000eab00000, 0x00000000ed580000, 0x0000000100000000)
  eden space 33280K, 14% used [0x00000000eab00000,0x00000000eaf95d80,0x00000000ecb80000)
  from space 5120K, 0% used [0x00000000ed080000,0x00000000ed080000,0x00000000ed580000)
  to   space 5120K, 0% used [0x00000000ecb80000,0x00000000ecb80000,0x00000000ed080000)
 ParOldGen       total 87552K, used 0K [0x00000000c0000000, 0x00000000c5580000, 0x00000000eab00000)
  object space 87552K, 0% used [0x00000000c0000000,0x00000000c0000000,0x00000000c5580000)
 Metaspace       used 3855K, capacity 5072K, committed 5376K, reserved 1056768K
  class space    used 436K, capacity 456K, committed 512K, reserved 1048576K

Card table byte_map: [0x00000000144b0000,0x00000000146c0000] byte_map_base: 0x0000000013eb0000

Marking Bits: (ParMarkBitMap*) 0x000000006766d850
 Begin Bits: [0x0000000014c20000, 0x0000000015c20000)
 End Bits:   [0x0000000015c20000, 0x0000000016c20000)

Polling page: 0x0000000004e40000

CodeCache: size=245760Kb used=1305Kb max_used=1305Kb free=244454Kb
 bounds [0x00000000050f0000, 0x0000000005360000, 0x00000000140f0000]
 total_blobs=378 nmethods=128 adapters=162
 compilation: enabled

Compilation events (10 events):
Event: 1.178 Thread 0x0000000019110800 nmethod 124 0x0000000005235b10 code [0x0000000005235d80, 0x0000000005236d98]
Event: 1.181 Thread 0x0000000019110800  125       1       java.lang.reflect.Field::getName (5 bytes)
Event: 1.181 Thread 0x0000000019110800 nmethod 125 0x0000000005232090 code [0x00000000052321e0, 0x00000000052322f0]
Event: 1.223 Thread 0x0000000019110800  126       3       java.util.BitSet::wordIndex (5 bytes)
Event: 1.223 Thread 0x0000000019110800 nmethod 126 0x0000000005231d90 code [0x0000000005231ee0, 0x0000000005232010]
Event: 1.224 Thread 0x0000000019110800  127       3       java.util.BitSet::checkInvariants (111 bytes)
Event: 1.224 Thread 0x0000000019110800 nmethod 127 0x0000000005231990 code [0x0000000005231ae0, 0x0000000005231c70]
Event: 1.226 Thread 0x0000000019110800  128       3       java.lang.String::indexOf (25 bytes)
Event: 1.227 Thread 0x0000000019110800 nmethod 128 0x0000000005235490 code [0x0000000005235600, 0x00000000052357a8]
Event: 1.230 Thread 0x0000000019110800  129       3       sun.nio.cs.UTF_8$Decoder::decode (779 bytes)

GC Heap History (0 events):
No events

Deoptimization events (0 events):
No events

Internal exceptions (3 events):
Event: 0.492 Thread 0x0000000004ff0800 Exception <a 'java/lang/NoSuchMethodError': Method sun.misc.Unsafe.defineClass(Ljava/lang/String;[BII)Ljava/lang/Class; name or signature does not match> (0x00000000eab07ca8) thrown at [C:\re\workspace\8-2-build-windows-amd64-cygwin\jdk8u151\9699\hotspot\
Event: 0.492 Thread 0x0000000004ff0800 Exception <a 'java/lang/NoSuchMethodError': Method sun.misc.Unsafe.prefetchRead(Ljava/lang/Object;J)V name or signature does not match> (0x00000000eab07f90) thrown at [C:\re\workspace\8-2-build-windows-amd64-cygwin\jdk8u151\9699\hotspot\src\share\vm\prims
Event: 0.795 Thread 0x0000000004ff0800 Exception <a 'java/io/FileNotFoundException'> (0x00000000eab59510) thrown at [C:\re\workspace\8-2-build-windows-amd64-cygwin\jdk8u151\9699\hotspot\src\share\vm\prims\jni.cpp, line 709]

Events (10 events):
Event: 1.229 loading class com/android/dx/dex/file/EncodedArrayItem
Event: 1.229 loading class com/android/dx/dex/file/EncodedArrayItem done
Event: 1.229 loading class com/android/dx/dex/file/ClassDataItem
Event: 1.229 loading class com/android/dx/dex/file/ClassDataItem done
Event: 1.230 loading class com/android/dx/dex/file/AnnotationsDirectoryItem
Event: 1.230 loading class com/android/dx/dex/file/AnnotationsDirectoryItem done
Event: 1.232 loading class com/android/dx/dex/file/AnnotationSetItem
Event: 1.232 loading class com/android/dx/dex/file/AnnotationSetItem done
Event: 1.233 loading class com/android/dx/dex/cf/AttributeTranslator
Event: 1.233 loading class com/android/dx/dex/cf/AttributeTranslator done


Dynamic libraries:
0x00007ff707d90000 - 0x00007ff707dc7000 	C:\Program Files\Java\jdk1.8.0_151\bin\java.exe
0x00007ffd62c10000 - 0x00007ffd62df0000 	C:\WINDOWS\SYSTEM32\ntdll.dll
0x00007ffd62020000 - 0x00007ffd620ce000 	C:\WINDOWS\System32\KERNEL32.DLL
0x00007ffd5f250000 - 0x00007ffd5f4b6000 	C:\WINDOWS\System32\KERNELBASE.dll
0x00007ffd61db0000 - 0x00007ffd61e51000 	C:\WINDOWS\System32\ADVAPI32.dll
0x00007ffd628b0000 - 0x00007ffd6294d000 	C:\WINDOWS\System32\msvcrt.dll
0x00007ffd62950000 - 0x00007ffd629ab000 	C:\WINDOWS\System32\sechost.dll
0x00007ffd62790000 - 0x00007ffd628af000 	C:\WINDOWS\System32\RPCRT4.dll
0x00007ffd61c20000 - 0x00007ffd61daf000 	C:\WINDOWS\System32\USER32.dll
0x00007ffd5f010000 - 0x00007ffd5f030000 	C:\WINDOWS\System32\win32u.dll
0x00007ffd62a30000 - 0x00007ffd62a58000 	C:\WINDOWS\System32\GDI32.dll
0x00007ffd5f5c0000 - 0x00007ffd5f753000 	C:\WINDOWS\System32\gdi32full.dll
0x00007ffd60040000 - 0x00007ffd600db000 	C:\WINDOWS\System32\msvcp_win.dll
0x00007ffd5f4c0000 - 0x00007ffd5f5b6000 	C:\WINDOWS\System32\ucrtbase.dll
0x00007ffd54400000 - 0x00007ffd54669000 	C:\WINDOWS\WinSxS\amd64_microsoft.windows.common-controls_6595b64144ccf1df_6.0.16299.214_none_15cad1489362ef88\COMCTL32.dll
0x00007ffd60290000 - 0x00007ffd60598000 	C:\WINDOWS\System32\combase.dll
0x00007ffd5f810000 - 0x00007ffd5f882000 	C:\WINDOWS\System32\bcryptPrimitives.dll
0x00007ffd62a60000 - 0x00007ffd62a8d000 	C:\WINDOWS\System32\IMM32.DLL
0x00000000668c0000 - 0x0000000066992000 	C:\Program Files\Java\jdk1.8.0_151\jre\bin\msvcr100.dll
0x0000000066e50000 - 0x00000000676ed000 	C:\Program Files\Java\jdk1.8.0_151\jre\bin\server\jvm.dll
0x00007ffd62bd0000 - 0x00007ffd62bd8000 	C:\WINDOWS\System32\PSAPI.DLL
0x00007ffd597d0000 - 0x00007ffd597d9000 	C:\WINDOWS\SYSTEM32\WSOCK32.dll
0x00007ffd629c0000 - 0x00007ffd62a2c000 	C:\WINDOWS\System32\WS2_32.dll
0x00007ffd55540000 - 0x00007ffd55563000 	C:\WINDOWS\SYSTEM32\WINMM.dll
0x00007ffd53af0000 - 0x00007ffd53afa000 	C:\WINDOWS\SYSTEM32\VERSION.dll
0x00007ffd55510000 - 0x00007ffd5553a000 	C:\WINDOWS\SYSTEM32\WINMMBASE.dll
0x00007ffd5f200000 - 0x00007ffd5f24a000 	C:\WINDOWS\System32\cfgmgr32.dll
0x0000000066d60000 - 0x0000000066d6f000 	C:\Program Files\Java\jdk1.8.0_151\jre\bin\verify.dll
0x0000000066d30000 - 0x0000000066d59000 	C:\Program Files\Java\jdk1.8.0_151\jre\bin\java.dll
0x0000000066d10000 - 0x0000000066d26000 	C:\Program Files\Java\jdk1.8.0_151\jre\bin\zip.dll
0x00007ffd607e0000 - 0x00007ffd61c16000 	C:\WINDOWS\System32\SHELL32.dll
0x00007ffd61e60000 - 0x00007ffd61f06000 	C:\WINDOWS\System32\shcore.dll
0x00007ffd5f890000 - 0x00007ffd5ffd7000 	C:\WINDOWS\System32\windows.storage.dll
0x00007ffd62a90000 - 0x00007ffd62ae1000 	C:\WINDOWS\System32\shlwapi.dll
0x00007ffd5eff0000 - 0x00007ffd5f001000 	C:\WINDOWS\System32\kernel.appcore.dll
0x00007ffd5efa0000 - 0x00007ffd5efec000 	C:\WINDOWS\System32\powrprof.dll
0x00007ffd5ef60000 - 0x00007ffd5ef7b000 	C:\WINDOWS\System32\profapi.dll

VM Arguments:
jvm_args: -Djava.awt.headless=true -Xmx1024M -Dfile.encoding=windows-1252 -Duser.country=BR -Duser.language=pt -Duser.variant 
java_command: com.android.dx.command.Main --dex --force-jumbo --num-threads=4 --multi-dex --output C:\Users\evand\AndroidStudioProjects\AulaActivity\app\build\intermediates\transforms\dex\debug\folders\1000\5\slice_3 C:\Users\evand\AndroidStudioProjects\AulaActivity\app\build\intermediates\transforms\instantRunSlicer\debug\folders\1\5\slice_3
java_class_path (initial): C:\Users\evand\AppData\Local\Android\sdk\build-tools\27.0.3\lib\dx.jar
Launcher Type: SUN_STANDARD

Environment Variables:
PATH=C:\ProgramData\Oracle\Java\javapath;C:\WINDOWS\system32;C:\WINDOWS;C:\WINDOWS\System32\Wbem;C:\WINDOWS\System32\WindowsPowerShell\v1.0\;C:\Program Files\MySQL\MySQL Utilities 1.6\;C:\Program Files\Git\cmd;C:\Program Files (x86)\NVIDIA Corporation\PhysX\Common;C:\Users\evand\AppData\Local\Microsoft\WindowsApps;
USERNAME=evand
OS=Windows_NT
PROCESSOR_IDENTIFIER=Intel64 Family 6 Model 61 Stepping 4, GenuineIntel



---------------  S Y S T E M  ---------------

OS: Windows 10.0 , 64 bit Build 16299 (10.0.16299.15)

CPU:total 4 (initial active 4) (2 cores per cpu, 2 threads per core) family 6 model 61 stepping 4, cmov, cx8, fxsr, mmx, sse, sse2, sse3, ssse3, sse4.1, sse4.2, popcnt, avx, avx2, aes, clmul, erms, 3dnowpref, lzcnt, ht, tsc, tscinvbit, bmi1, bmi2, adx

Memory: 4k page, physical 8298376k(1562320k free), swap 8298376k(8164k free)

vm_info: Java HotSpot(TM) 64-Bit Server VM (25.151-b12) for windows-amd64 JRE (1.8.0_151-b12), built on Sep  5 2017 19:33:46 by "java_re" with MS VC++ 10.0 (VS2010)

time: Wed Feb 07 14:48:32 2018
elapsed time: 1 seconds (0d 0h 0m 1s)

