#
# There is insufficient memory for the Java Runtime Environment to continue.
# Native memory allocation (malloc) failed to allocate 868816 bytes for Chunk::new
# Possible reasons:
#   The system is out of physical RAM or swap space
#   In 32 bit mode, the process size limit was hit
# Possible solutions:
#   Reduce memory load on the system
#   Increase physical memory or swap space
#   Check if swap backing store is full
#   Use 64 bit Java on a 64 bit OS
#   Decrease Java heap size (-Xmx/-Xms)
#   Decrease number of Java threads
#   Decrease Java thread stack sizes (-Xss)
#   Set larger code cache with -XX:ReservedCodeCacheSize=
# This output file may be truncated or incomplete.
#
#  Out of Memory Error (allocation.cpp:390), pid=7076, tid=0x0000000000002728
#
# JRE version: Java(TM) SE Runtime Environment (8.0_151-b12) (build 1.8.0_151-b12)
# Java VM: Java HotSpot(TM) 64-Bit Server VM (25.151-b12 mixed mode windows-amd64 compressed oops)
# Failed to write core dump. Minidumps are not enabled by default on client versions of Windows
#

---------------  T H R E A D  ---------------

Current thread (0x00000000178cf800):  JavaThread "C2 CompilerThread1" daemon [_thread_in_native, id=10024, stack(0x00000000190d0000,0x00000000191d0000)]

Stack: [0x00000000190d0000,0x00000000191d0000]
[error occurred during error reporting (printing stack bounds), id 0xc0000005]

Native frames: (J=compiled Java code, j=interpreted, Vv=VM code, C=native code)


Current CompileTask:
C2:   3890 1900       4       com.android.dx.rop.code.Rops::ropFor (852 bytes)


---------------  P R O C E S S  ---------------

Java Threads: ( => current thread )
  0x0000000019451800 JavaThread "pool-1-thread-1" [_thread_in_Java, id=12248, stack(0x000000001c6c0000,0x000000001c7c0000)]
  0x0000000019202800 JavaThread "Service Thread" daemon [_thread_blocked, id=9848, stack(0x00000000196d0000,0x00000000197d0000)]
  0x00000000191d8800 JavaThread "C1 CompilerThread2" daemon [_thread_blocked, id=9260, stack(0x00000000195d0000,0x00000000196d0000)]
=>0x00000000178cf800 JavaThread "C2 CompilerThread1" daemon [_thread_in_native, id=10024, stack(0x00000000190d0000,0x00000000191d0000)]
  0x000000001788a000 JavaThread "C2 CompilerThread0" daemon [_thread_in_native, id=2620, stack(0x0000000018fd0000,0x00000000190d0000)]
  0x0000000017888000 JavaThread "Attach Listener" daemon [_thread_blocked, id=10920, stack(0x0000000018ed0000,0x0000000018fd0000)]
  0x0000000017887000 JavaThread "Signal Dispatcher" daemon [_thread_blocked, id=9452, stack(0x0000000018dd0000,0x0000000018ed0000)]
  0x00000000051ac000 JavaThread "Finalizer" daemon [_thread_blocked, id=7184, stack(0x0000000018ad0000,0x0000000018bd0000)]
  0x00000000051a3000 JavaThread "Reference Handler" daemon [_thread_blocked, id=10952, stack(0x00000000189d0000,0x0000000018ad0000)]
  0x00000000050b0800 JavaThread "main" [_thread_blocked, id=12168, stack(0x0000000004fb0000,0x00000000050b0000)]

Other Threads:
  0x0000000017848000 VMThread [stack: 0x00000000188d0000,0x00000000189d0000] [id=10640]
  0x0000000019206000 WatcherThread [stack: 0x0000000019920000,0x0000000019a20000] [id=9472]

VM state:not at safepoint (normal execution)

VM Mutex/Monitor currently owned by a thread: None

Heap:
 PSYoungGen      total 71680K, used 53144K [0x00000000eab00000, 0x00000000ef600000, 0x0000000100000000)
  eden space 66560K, 72% used [0x00000000eab00000,0x00000000ed9e8520,0x00000000eec00000)
  from space 5120K, 99% used [0x00000000eec00000,0x00000000ef0fdc38,0x00000000ef100000)
  to   space 5120K, 0% used [0x00000000ef100000,0x00000000ef100000,0x00000000ef600000)
 ParOldGen       total 87552K, used 43360K [0x00000000c0000000, 0x00000000c5580000, 0x00000000eab00000)
  object space 87552K, 49% used [0x00000000c0000000,0x00000000c2a583d8,0x00000000c5580000)
 Metaspace       used 6858K, capacity 7608K, committed 7936K, reserved 1056768K
  class space    used 651K, capacity 688K, committed 768K, reserved 1048576K

Card table byte_map: [0x0000000014570000,0x0000000014780000] byte_map_base: 0x0000000013f70000

Marking Bits: (ParMarkBitMap*) 0x000000006766d850
 Begin Bits: [0x0000000014ce0000, 0x0000000015ce0000)
 End Bits:   [0x0000000015ce0000, 0x0000000016ce0000)

Polling page: 0x0000000000de0000

CodeCache: size=245760Kb used=8561Kb max_used=8561Kb free=237198Kb
 bounds [0x00000000051b0000, 0x0000000005a20000, 0x00000000141b0000]
 total_blobs=2449 nmethods=2183 adapters=178
 compilation: enabled

Compilation events (10 events):
Event: 3.740 Thread 0x00000000191d8800 2207       2       com.android.dx.dex.code.TargetInsn::hasTargetOffset (23 bytes)
Event: 3.740 Thread 0x00000000191d8800 nmethod 2207 0x0000000005a114d0 code [0x0000000005a11620, 0x0000000005a117d0]
Event: 3.740 Thread 0x00000000191d8800 2184       1       com.android.dx.dex.code.form.Form10t::codeSize (2 bytes)
Event: 3.740 Thread 0x00000000191d8800 nmethod 2184 0x0000000005a11890 code [0x0000000005a119e0, 0x0000000005a11af0]
Event: 3.740 Thread 0x00000000191d8800 2203       1       com.android.dx.dex.code.LocalList$Entry::getAddress (5 bytes)
Event: 3.740 Thread 0x00000000191d8800 nmethod 2203 0x0000000005a11b50 code [0x0000000005a11ca0, 0x0000000005a11db0]
Event: 3.740 Thread 0x00000000191d8800 2192       1       com.android.dx.dex.code.form.Form21c::codeSize (2 bytes)
Event: 3.740 Thread 0x00000000191d8800 nmethod 2192 0x0000000005a11e10 code [0x0000000005a11f60, 0x0000000005a12070]
Event: 3.740 Thread 0x00000000191d8800 2180       1       com.android.dx.dex.code.form.Form10x::codeSize (2 bytes)
Event: 3.740 Thread 0x00000000191d8800 nmethod 2180 0x0000000005a120d0 code [0x0000000005a12220, 0x0000000005a12330]

GC Heap History (10 events):
Event: 1.353 GC heap before
{Heap before GC invocations=3 (full 0):
 PSYoungGen      total 38400K, used 38397K [0x00000000eab00000, 0x00000000ef600000, 0x0000000100000000)
  eden space 33280K, 100% used [0x00000000eab00000,0x00000000ecb80000,0x00000000ecb80000)
  from space 5120K, 99% used [0x00000000ed080000,0x00000000ed57f500,0x00000000ed580000)
  to   space 5120K, 0% used [0x00000000ecb80000,0x00000000ecb80000,0x00000000ed080000)
 ParOldGen       total 87552K, used 5416K [0x00000000c0000000, 0x00000000c5580000, 0x00000000eab00000)
  object space 87552K, 6% used [0x00000000c0000000,0x00000000c054a200,0x00000000c5580000)
 Metaspace       used 6310K, capacity 7220K, committed 7296K, reserved 1056768K
  class space    used 612K, capacity 620K, committed 640K, reserved 1048576K
Event: 1.376 GC heap after
Heap after GC invocations=3 (full 0):
 PSYoungGen      total 38400K, used 5110K [0x00000000eab00000, 0x00000000ef600000, 0x0000000100000000)
  eden space 33280K, 0% used [0x00000000eab00000,0x00000000eab00000,0x00000000ecb80000)
  from space 5120K, 99% used [0x00000000ecb80000,0x00000000ed07db78,0x00000000ed080000)
  to   space 5120K, 0% used [0x00000000ef100000,0x00000000ef100000,0x00000000ef600000)
 ParOldGen       total 87552K, used 9547K [0x00000000c0000000, 0x00000000c5580000, 0x00000000eab00000)
  object space 87552K, 10% used [0x00000000c0000000,0x00000000c0952dc8,0x00000000c5580000)
 Metaspace       used 6310K, capacity 7220K, committed 7296K, reserved 1056768K
  class space    used 612K, capacity 620K, committed 640K, reserved 1048576K
}
Event: 1.530 GC heap before
{Heap before GC invocations=4 (full 0):
 PSYoungGen      total 38400K, used 38390K [0x00000000eab00000, 0x00000000ef600000, 0x0000000100000000)
  eden space 33280K, 100% used [0x00000000eab00000,0x00000000ecb80000,0x00000000ecb80000)
  from space 5120K, 99% used [0x00000000ecb80000,0x00000000ed07db78,0x00000000ed080000)
  to   space 5120K, 0% used [0x00000000ef100000,0x00000000ef100000,0x00000000ef600000)
 ParOldGen       total 87552K, used 9547K [0x00000000c0000000, 0x00000000c5580000, 0x00000000eab00000)
  object space 87552K, 10% used [0x00000000c0000000,0x00000000c0952dc8,0x00000000c5580000)
 Metaspace       used 6352K, capacity 7220K, committed 7296K, reserved 1056768K
  class space    used 612K, capacity 620K, committed 640K, reserved 1048576K
Event: 1.555 GC heap after
Heap after GC invocations=4 (full 0):
 PSYoungGen      total 71680K, used 5109K [0x00000000eab00000, 0x00000000ef600000, 0x0000000100000000)
  eden space 66560K, 0% used [0x00000000eab00000,0x00000000eab00000,0x00000000eec00000)
  from space 5120K, 99% used [0x00000000ef100000,0x00000000ef5fd730,0x00000000ef600000)
  to   space 5120K, 0% used [0x00000000eec00000,0x00000000eec00000,0x00000000ef100000)
 ParOldGen       total 87552K, used 14484K [0x00000000c0000000, 0x00000000c5580000, 0x00000000eab00000)
  object space 87552K, 16% used [0x00000000c0000000,0x00000000c0e252a0,0x00000000c5580000)
 Metaspace       used 6352K, capacity 7220K, committed 7296K, reserved 1056768K
  class space    used 612K, capacity 620K, committed 640K, reserved 1048576K
}
Event: 1.832 GC heap before
{Heap before GC invocations=5 (full 0):
 PSYoungGen      total 71680K, used 71669K [0x00000000eab00000, 0x00000000ef600000, 0x0000000100000000)
  eden space 66560K, 100% used [0x00000000eab00000,0x00000000eec00000,0x00000000eec00000)
  from space 5120K, 99% used [0x00000000ef100000,0x00000000ef5fd730,0x00000000ef600000)
  to   space 5120K, 0% used [0x00000000eec00000,0x00000000eec00000,0x00000000ef100000)
 ParOldGen       total 87552K, used 14484K [0x00000000c0000000, 0x00000000c5580000, 0x00000000eab00000)
  object space 87552K, 16% used [0x00000000c0000000,0x00000000c0e252a0,0x00000000c5580000)
 Metaspace       used 6464K, capacity 7256K, committed 7424K, reserved 1056768K
  class space    used 633K, capacity 656K, committed 768K, reserved 1048576K
Event: 1.870 GC heap after
Heap after GC invocations=5 (full 0):
 PSYoungGen      total 71680K, used 5109K [0x00000000eab00000, 0x00000000ef600000, 0x0000000100000000)
  eden space 66560K, 0% used [0x00000000eab00000,0x00000000eab00000,0x00000000eec00000)
  from space 5120K, 99% used [0x00000000eec00000,0x00000000ef0fd6f8,0x00000000ef100000)
  to   space 5120K, 0% used [0x00000000ef100000,0x00000000ef100000,0x00000000ef600000)
 ParOldGen       total 87552K, used 24127K [0x00000000c0000000, 0x00000000c5580000, 0x00000000eab00000)
  object space 87552K, 27% used [0x00000000c0000000,0x00000000c178ff08,0x00000000c5580000)
 Metaspace       used 6464K, capacity 7256K, committed 7424K, reserved 1056768K
  class space    used 633K, capacity 656K, committed 768K, reserved 1048576K
}
Event: 2.168 GC heap before
{Heap before GC invocations=6 (full 0):
 PSYoungGen      total 71680K, used 71669K [0x00000000eab00000, 0x00000000ef600000, 0x0000000100000000)
  eden space 66560K, 100% used [0x00000000eab00000,0x00000000eec00000,0x00000000eec00000)
  from space 5120K, 99% used [0x00000000eec00000,0x00000000ef0fd6f8,0x00000000ef100000)
  to   space 5120K, 0% used [0x00000000ef100000,0x00000000ef100000,0x00000000ef600000)
 ParOldGen       total 87552K, used 24127K [0x00000000c0000000, 0x00000000c5580000, 0x00000000eab00000)
  object space 87552K, 27% used [0x00000000c0000000,0x00000000c178ff08,0x00000000c5580000)
 Metaspace       used 6558K, capacity 7320K, committed 7680K, reserved 1056768K
  class space    used 633K, capacity 656K, committed 768K, reserved 1048576K
Event: 2.203 GC heap after
Heap after GC invocations=6 (full 0):
 PSYoungGen      total 71680K, used 5109K [0x00000000eab00000, 0x00000000ef600000, 0x0000000100000000)
  eden space 66560K, 0% used [0x00000000eab00000,0x00000000eab00000,0x00000000eec00000)
  from space 5120K, 99% used [0x00000000ef100000,0x00000000ef5fd778,0x00000000ef600000)
  to   space 5120K, 0% used [0x00000000eec00000,0x00000000eec00000,0x00000000ef100000)
 ParOldGen       total 87552K, used 33730K [0x00000000c0000000, 0x00000000c5580000, 0x00000000eab00000)
  object space 87552K, 38% used [0x00000000c0000000,0x00000000c20f0860,0x00000000c5580000)
 Metaspace       used 6558K, capacity 7320K, committed 7680K, reserved 1056768K
  class space    used 633K, capacity 656K, committed 768K, reserved 1048576K
}
Event: 2.444 GC heap before
{Heap before GC invocations=7 (full 0):
 PSYoungGen      total 71680K, used 71669K [0x00000000eab00000, 0x00000000ef600000, 0x0000000100000000)
  eden space 66560K, 100% used [0x00000000eab00000,0x00000000eec00000,0x00000000eec00000)
  from space 5120K, 99% used [0x00000000ef100000,0x00000000ef5fd778,0x00000000ef600000)
  to   space 5120K, 0% used [0x00000000eec00000,0x00000000eec00000,0x00000000ef100000)
 ParOldGen       total 87552K, used 33730K [0x00000000c0000000, 0x00000000c5580000, 0x00000000eab00000)
  object space 87552K, 38% used [0x00000000c0000000,0x00000000c20f0860,0x00000000c5580000)
 Metaspace       used 6573K, capacity 7320K, committed 7680K, reserved 1056768K
  class space    used 633K, capacity 656K, committed 768K, reserved 1048576K
Event: 2.472 GC heap after
Heap after GC invocations=7 (full 0):
 PSYoungGen      total 71680K, used 5111K [0x00000000eab00000, 0x00000000ef600000, 0x0000000100000000)
  eden space 66560K, 0% used [0x00000000eab00000,0x00000000eab00000,0x00000000eec00000)
  from space 5120K, 99% used [0x00000000eec00000,0x00000000ef0fdc38,0x00000000ef100000)
  to   space 5120K, 0% used [0x00000000ef100000,0x00000000ef100000,0x00000000ef600000)
 ParOldGen       total 87552K, used 43360K [0x00000000c0000000, 0x00000000c5580000, 0x00000000eab00000)
  object space 87552K, 49% used [0x00000000c0000000,0x00000000c2a583d8,0x00000000c5580000)
 Metaspace       used 6573K, capacity 7320K, committed 7680K, reserved 1056768K
  class space    used 633K, capacity 656K, committed 768K, reserved 1048576K
}

Deoptimization events (10 events):
Event: 2.041 Thread 0x0000000019451800 Uncommon trap: reason=unstable_if action=reinterpret pc=0x0000000005820b94 method=com.android.dx.ssa.MoveParamCombiner$1.visitNonMoveInsn(Lcom/android/dx/ssa/NormalSsaInsn;)V @ 27
Event: 2.836 Thread 0x0000000019451800 Uncommon trap: reason=class_check action=maybe_recompile pc=0x0000000005638548 method=java.util.Arrays.hashCode([Ljava/lang/Object;)I @ 43
Event: 2.836 Thread 0x0000000019451800 Uncommon trap: reason=class_check action=maybe_recompile pc=0x0000000005638548 method=java.util.Arrays.hashCode([Ljava/lang/Object;)I @ 43
Event: 2.836 Thread 0x0000000019451800 Uncommon trap: reason=class_check action=maybe_recompile pc=0x0000000005638548 method=java.util.Arrays.hashCode([Ljava/lang/Object;)I @ 43
Event: 2.836 Thread 0x0000000019451800 Uncommon trap: reason=class_check action=maybe_recompile pc=0x0000000005638548 method=java.util.Arrays.hashCode([Ljava/lang/Object;)I @ 43
Event: 3.604 Thread 0x0000000019451800 Uncommon trap: reason=speculate_class_check action=maybe_recompile pc=0x0000000005534e7c method=com.android.dx.util.FixedSizeList.equals(Ljava/lang/Object;)Z @ 25
Event: 3.604 Thread 0x0000000019451800 Uncommon trap: reason=unstable_if action=reinterpret pc=0x00000000054f4880 method=java.util.Arrays.equals([Ljava/lang/Object;[Ljava/lang/Object;)Z @ 23
Event: 3.703 Thread 0x0000000019451800 Uncommon trap: reason=speculate_class_check action=maybe_recompile pc=0x0000000005534e7c method=com.android.dx.util.FixedSizeList.equals(Ljava/lang/Object;)Z @ 25
Event: 3.703 Thread 0x0000000019451800 Uncommon trap: reason=speculate_class_check action=maybe_recompile pc=0x0000000005534e7c method=com.android.dx.util.FixedSizeList.equals(Ljava/lang/Object;)Z @ 25
Event: 3.703 Thread 0x0000000019451800 Uncommon trap: reason=speculate_class_check action=maybe_recompile pc=0x0000000005534e7c method=com.android.dx.util.FixedSizeList.equals(Ljava/lang/Object;)Z @ 25

Internal exceptions (7 events):
Event: 0.039 Thread 0x00000000050b0800 Exception <a 'java/lang/NoSuchMethodError': Method sun.misc.Unsafe.defineClass(Ljava/lang/String;[BII)Ljava/lang/Class; name or signature does not match> (0x00000000eab07ca8) thrown at [C:\re\workspace\8-2-build-windows-amd64-cygwin\jdk8u151\9699\hotspot\
Event: 0.040 Thread 0x00000000050b0800 Exception <a 'java/lang/NoSuchMethodError': Method sun.misc.Unsafe.prefetchRead(Ljava/lang/Object;J)V name or signature does not match> (0x00000000eab07f90) thrown at [C:\re\workspace\8-2-build-windows-amd64-cygwin\jdk8u151\9699\hotspot\src\share\vm\prims
Event: 0.098 Thread 0x00000000050b0800 Exception <a 'java/io/FileNotFoundException'> (0x00000000eab59730) thrown at [C:\re\workspace\8-2-build-windows-amd64-cygwin\jdk8u151\9699\hotspot\src\share\vm\prims\jni.cpp, line 709]
Event: 1.043 Thread 0x0000000019425000 Implicit null exception at 0x0000000005496fa7 to 0x00000000054994e5
Event: 1.802 Thread 0x00000000050b0800 Exception <a 'java/lang/ArrayIndexOutOfBoundsException': 18> (0x00000000ee53ee88) thrown at [C:\re\workspace\8-2-build-windows-amd64-cygwin\jdk8u151\9699\hotspot\src\share\vm\interpreter\interpreterRuntime.cpp, line 366]
Event: 1.803 Thread 0x00000000050b0800 Exception <a 'java/lang/ArrayIndexOutOfBoundsException': 145> (0x00000000ee540a08) thrown at [C:\re\workspace\8-2-build-windows-amd64-cygwin\jdk8u151\9699\hotspot\src\share\vm\interpreter\interpreterRuntime.cpp, line 366]
Event: 1.803 Thread 0x00000000050b0800 Exception <a 'java/lang/ArrayIndexOutOfBoundsException'> (0x00000000ee541cf0) thrown at [C:\re\workspace\8-2-build-windows-amd64-cygwin\jdk8u151\9699\hotspot\src\share\vm\runtime\sharedRuntime.cpp, line 605]

Events (10 events):
Event: 3.703 Thread 0x0000000019451800 DEOPT PACKING pc=0x0000000005534e7c sp=0x000000001c7be550
Event: 3.703 Thread 0x0000000019451800 DEOPT UNPACKING pc=0x00000000051f582a sp=0x000000001c7be510 mode 2
Event: 3.703 Thread 0x0000000019451800 Uncommon trap: trap_request=0xffffff76 fr.pc=0x0000000005534e7c
Event: 3.703 Thread 0x0000000019451800 DEOPT PACKING pc=0x0000000005534e7c sp=0x000000001c7be550
Event: 3.703 Thread 0x0000000019451800 DEOPT UNPACKING pc=0x00000000051f582a sp=0x000000001c7be510 mode 2
Event: 3.703 Thread 0x0000000019451800 Uncommon trap: trap_request=0xffffff76 fr.pc=0x0000000005534e7c
Event: 3.703 Thread 0x0000000019451800 DEOPT PACKING pc=0x0000000005534e7c sp=0x000000001c7be550
Event: 3.703 Thread 0x0000000019451800 DEOPT UNPACKING pc=0x00000000051f582a sp=0x000000001c7be510 mode 2
Event: 3.711 loading class com/android/dx/rop/code/RegisterSpecList$Expander
Event: 3.711 loading class com/android/dx/rop/code/RegisterSpecList$Expander done


Dynamic libraries:
0x00007ff707d90000 - 0x00007ff707dc7000 	C:\Program Files\Java\jdk1.8.0_151\bin\java.exe
0x00007ffd62c10000 - 0x00007ffd62df0000 	C:\WINDOWS\SYSTEM32\ntdll.dll
0x00007ffd62020000 - 0x00007ffd620ce000 	C:\WINDOWS\System32\KERNEL32.DLL
0x00007ffd5f250000 - 0x00007ffd5f4b6000 	C:\WINDOWS\System32\KERNELBASE.dll
0x00007ffd61db0000 - 0x00007ffd61e51000 	C:\WINDOWS\System32\ADVAPI32.dll
0x00007ffd628b0000 - 0x00007ffd6294d000 	C:\WINDOWS\System32\msvcrt.dll
0x00007ffd62950000 - 0x00007ffd629ab000 	C:\WINDOWS\System32\sechost.dll
0x00007ffd62790000 - 0x00007ffd628af000 	C:\WINDOWS\System32\RPCRT4.dll
0x00007ffd61c20000 - 0x00007ffd61daf000 	C:\WINDOWS\System32\USER32.dll
0x00007ffd5f010000 - 0x00007ffd5f030000 	C:\WINDOWS\System32\win32u.dll
0x00007ffd62a30000 - 0x00007ffd62a58000 	C:\WINDOWS\System32\GDI32.dll
0x00007ffd5f5c0000 - 0x00007ffd5f753000 	C:\WINDOWS\System32\gdi32full.dll
0x00007ffd60040000 - 0x00007ffd600db000 	C:\WINDOWS\System32\msvcp_win.dll
0x00007ffd5f4c0000 - 0x00007ffd5f5b6000 	C:\WINDOWS\System32\ucrtbase.dll
0x00007ffd54400000 - 0x00007ffd54669000 	C:\WINDOWS\WinSxS\amd64_microsoft.windows.common-controls_6595b64144ccf1df_6.0.16299.214_none_15cad1489362ef88\COMCTL32.dll
0x00007ffd60290000 - 0x00007ffd60598000 	C:\WINDOWS\System32\combase.dll
0x00007ffd5f810000 - 0x00007ffd5f882000 	C:\WINDOWS\System32\bcryptPrimitives.dll
0x00007ffd62a60000 - 0x00007ffd62a8d000 	C:\WINDOWS\System32\IMM32.DLL
0x00000000668c0000 - 0x0000000066992000 	C:\Program Files\Java\jdk1.8.0_151\jre\bin\msvcr100.dll
0x0000000066e50000 - 0x00000000676ed000 	C:\Program Files\Java\jdk1.8.0_151\jre\bin\server\jvm.dll
0x00007ffd62bd0000 - 0x00007ffd62bd8000 	C:\WINDOWS\System32\PSAPI.DLL
0x00007ffd597d0000 - 0x00007ffd597d9000 	C:\WINDOWS\SYSTEM32\WSOCK32.dll
0x00007ffd55540000 - 0x00007ffd55563000 	C:\WINDOWS\SYSTEM32\WINMM.dll
0x00007ffd53af0000 - 0x00007ffd53afa000 	C:\WINDOWS\SYSTEM32\VERSION.dll
0x00007ffd629c0000 - 0x00007ffd62a2c000 	C:\WINDOWS\System32\WS2_32.dll
0x00007ffd55510000 - 0x00007ffd5553a000 	C:\WINDOWS\SYSTEM32\WINMMBASE.dll
0x00007ffd5f200000 - 0x00007ffd5f24a000 	C:\WINDOWS\System32\cfgmgr32.dll
0x0000000066d60000 - 0x0000000066d6f000 	C:\Program Files\Java\jdk1.8.0_151\jre\bin\verify.dll
0x0000000066d30000 - 0x0000000066d59000 	C:\Program Files\Java\jdk1.8.0_151\jre\bin\java.dll
0x0000000066d10000 - 0x0000000066d26000 	C:\Program Files\Java\jdk1.8.0_151\jre\bin\zip.dll
0x00007ffd607e0000 - 0x00007ffd61c16000 	C:\WINDOWS\System32\SHELL32.dll
0x00007ffd61e60000 - 0x00007ffd61f06000 	C:\WINDOWS\System32\shcore.dll
0x00007ffd5f890000 - 0x00007ffd5ffd7000 	C:\WINDOWS\System32\windows.storage.dll
0x00007ffd62a90000 - 0x00007ffd62ae1000 	C:\WINDOWS\System32\shlwapi.dll
0x00007ffd5eff0000 - 0x00007ffd5f001000 	C:\WINDOWS\System32\kernel.appcore.dll
0x00007ffd5efa0000 - 0x00007ffd5efec000 	C:\WINDOWS\System32\powrprof.dll
0x00007ffd5ef60000 - 0x00007ffd5ef7b000 	C:\WINDOWS\System32\profapi.dll

VM Arguments:
jvm_args: -Djava.awt.headless=true -Xmx1024M -Dfile.encoding=windows-1252 -Duser.country=BR -Duser.language=pt -Duser.variant 
java_command: com.android.dx.command.Main --dex --force-jumbo --num-threads=4 --multi-dex --output C:\Users\evand\AndroidStudioProjects\AulaActivity\app\build\intermediates\transforms\dex\debug\folders\1000\10\com.android.support-appcompat-v7-25.3.1_c755d560a71656ca4087616d19ed67601b5011b7 C:\Users\evand\AndroidStudioProjects\AulaActivity\app\build\intermediates\exploded-aar\com.android.support\appcompat-v7\25.3.1\jars\classes.jar
java_class_path (initial): C:\Users\evand\AppData\Local\Android\sdk\build-tools\27.0.3\lib\dx.jar
Launcher Type: SUN_STANDARD

Environment Variables:
PATH=C:\ProgramData\Oracle\Java\javapath;C:\WINDOWS\system32;C:\WINDOWS;C:\WINDOWS\System32\Wbem;C:\WINDOWS\System32\WindowsPowerShell\v1.0\;C:\Program Files\MySQL\MySQL Utilities 1.6\;C:\Program Files\Git\cmd;C:\Program Files (x86)\NVIDIA Corporation\PhysX\Common;C:\Users\evand\AppData\Local\Microsoft\WindowsApps;
USERNAME=evand
OS=Windows_NT
PROCESSOR_IDENTIFIER=Intel64 Family 6 Model 61 Stepping 4, GenuineIntel



---------------  S Y S T E M  ---------------

OS: Windows 10.0 , 64 bit Build 16299 (10.0.16299.15)

CPU:total 4 (initial active 4) (2 cores per cpu, 2 threads per core) family 6 model 61 stepping 4, cmov, cx8, fxsr, mmx, sse, sse2, sse3, ssse3, sse4.1, sse4.2, popcnt, avx, avx2, aes, clmul, erms, 3dnowpref, lzcnt, ht, tsc, tscinvbit, bmi1, bmi2, adx

Memory: 4k page, physical 8298376k(1417164k free), swap 8298376k(4308k free)

vm_info: Java HotSpot(TM) 64-Bit Server VM (25.151-b12) for windows-amd64 JRE (1.8.0_151-b12), built on Sep  5 2017 19:33:46 by "java_re" with MS VC++ 10.0 (VS2010)

time: Wed Feb 07 14:49:30 2018
elapsed time: 3 seconds (0d 0h 0m 3s)

