#
# There is insufficient memory for the Java Runtime Environment to continue.
# Native memory allocation (malloc) failed to allocate 167056 bytes for Chunk::new
# Possible reasons:
#   The system is out of physical RAM or swap space
#   In 32 bit mode, the process size limit was hit
# Possible solutions:
#   Reduce memory load on the system
#   Increase physical memory or swap space
#   Check if swap backing store is full
#   Use 64 bit Java on a 64 bit OS
#   Decrease Java heap size (-Xmx/-Xms)
#   Decrease number of Java threads
#   Decrease Java thread stack sizes (-Xss)
#   Set larger code cache with -XX:ReservedCodeCacheSize=
# This output file may be truncated or incomplete.
#
#  Out of Memory Error (allocation.cpp:390), pid=10224, tid=0x0000000000002d6c
#
# JRE version: Java(TM) SE Runtime Environment (8.0_151-b12) (build 1.8.0_151-b12)
# Java VM: Java HotSpot(TM) 64-Bit Server VM (25.151-b12 mixed mode windows-amd64 compressed oops)
# Failed to write core dump. Minidumps are not enabled by default on client versions of Windows
#

---------------  T H R E A D  ---------------

Current thread (0x0000000016940800):  JavaThread "C2 CompilerThread1" daemon [_thread_in_native, id=11628, stack(0x00000000181b0000,0x00000000182b0000)]

Stack: [0x00000000181b0000,0x00000000182b0000]
[error occurred during error reporting (printing stack bounds), id 0xc0000005]

Native frames: (J=compiled Java code, j=interpreted, Vv=VM code, C=native code)


Current CompileTask:
C2:   2519 1218       4       com.android.dx.ssa.back.LivenessAnalyzer::liveOutAtStatement (61 bytes)


---------------  P R O C E S S  ---------------

Java Threads: ( => current thread )
  0x00000000185f2000 JavaThread "pool-2-thread-4" [_thread_in_Java, id=5452, stack(0x0000000018f00000,0x0000000019000000)]
  0x00000000185ee800 JavaThread "pool-2-thread-3" [_thread_blocked, id=3796, stack(0x0000000018e00000,0x0000000018f00000)]
  0x00000000185ee000 JavaThread "pool-2-thread-2" [_thread_in_vm, id=9040, stack(0x0000000018d00000,0x0000000018e00000)]
  0x00000000185e8000 JavaThread "pool-3-thread-1" [_thread_blocked, id=9896, stack(0x0000000018c00000,0x0000000018d00000)]
  0x00000000185e6800 JavaThread "pool-2-thread-1" [_thread_blocked, id=10036, stack(0x0000000018b00000,0x0000000018c00000)]
  0x00000000182be000 JavaThread "Service Thread" daemon [_thread_blocked, id=12360, stack(0x00000000187b0000,0x00000000188b0000)]
  0x00000000182b8800 JavaThread "C1 CompilerThread2" daemon [_thread_blocked, id=3880, stack(0x00000000186b0000,0x00000000187b0000)]
=>0x0000000016940800 JavaThread "C2 CompilerThread1" daemon [_thread_in_native, id=11628, stack(0x00000000181b0000,0x00000000182b0000)]
  0x000000001693d800 JavaThread "C2 CompilerThread0" daemon [_thread_in_native, id=1156, stack(0x00000000180b0000,0x00000000181b0000)]
  0x000000001693b800 JavaThread "Attach Listener" daemon [_thread_blocked, id=5096, stack(0x0000000017fb0000,0x00000000180b0000)]
  0x000000001693a000 JavaThread "Signal Dispatcher" daemon [_thread_blocked, id=380, stack(0x0000000017eb0000,0x0000000017fb0000)]
  0x0000000004249800 JavaThread "Finalizer" daemon [_thread_blocked, id=7148, stack(0x0000000017ba0000,0x0000000017ca0000)]
  0x0000000004241000 JavaThread "Reference Handler" daemon [_thread_blocked, id=9364, stack(0x0000000017aa0000,0x0000000017ba0000)]
  0x0000000004150800 JavaThread "main" [_thread_blocked, id=332, stack(0x0000000004020000,0x0000000004120000)]

Other Threads:
  0x0000000016907000 VMThread [stack: 0x00000000179a0000,0x0000000017aa0000] [id=9424]
  0x00000000182c2000 WatcherThread [stack: 0x0000000018a00000,0x0000000018b00000] [id=8916]

VM state:not at safepoint (normal execution)

VM Mutex/Monitor currently owned by a thread: None

Heap:
 PSYoungGen      total 38400K, used 9019K [0x00000000eab00000, 0x00000000ed580000, 0x0000000100000000)
  eden space 33280K, 11% used [0x00000000eab00000,0x00000000eaee4090,0x00000000ecb80000)
  from space 5120K, 98% used [0x00000000ecb80000,0x00000000ed06acc8,0x00000000ed080000)
  to   space 5120K, 0% used [0x00000000ed080000,0x00000000ed080000,0x00000000ed580000)
 ParOldGen       total 87552K, used 0K [0x00000000c0000000, 0x00000000c5580000, 0x00000000eab00000)
  object space 87552K, 0% used [0x00000000c0000000,0x00000000c0000000,0x00000000c5580000)
 Metaspace       used 6124K, capacity 7028K, committed 7296K, reserved 1056768K
  class space    used 610K, capacity 620K, committed 640K, reserved 1048576K

Card table byte_map: [0x0000000013610000,0x0000000013820000] byte_map_base: 0x0000000013010000

Marking Bits: (ParMarkBitMap*) 0x000000006766d850
 Begin Bits: [0x0000000013d80000, 0x0000000014d80000)
 End Bits:   [0x0000000014d80000, 0x0000000015d80000)

Polling page: 0x0000000002530000

CodeCache: size=245760Kb used=4986Kb max_used=4994Kb free=240773Kb
 bounds [0x0000000004250000, 0x0000000004740000, 0x0000000013250000]
 total_blobs=1484 nmethods=1216 adapters=181
 compilation: enabled

Compilation events (10 events):
Event: 2.498 Thread 0x00000000182b8800 nmethod 1213 0x000000000472b810 code [0x000000000472ba00, 0x000000000472c258]
Event: 2.500 Thread 0x00000000182b8800 1214       3       com.android.dx.ssa.SCCP::run (298 bytes)
Event: 2.502 Thread 0x00000000182b8800 nmethod 1214 0x000000000472fc50 code [0x0000000004730040, 0x0000000004732108]
Event: 2.502 Thread 0x0000000016940800 nmethod 1210 0x0000000004732dd0 code [0x0000000004732f60, 0x0000000004733918]
Event: 2.502 Thread 0x000000001693d800 1215       4       com.android.dx.ssa.back.LivenessAnalyzer::handleTailRecursion (94 bytes)
Event: 2.504 Thread 0x0000000016940800 1216       4       java.lang.StringBuilder::append (8 bytes)
Event: 2.510 Thread 0x0000000016940800 nmethod 1216 0x0000000004720fd0 code [0x0000000004721120, 0x0000000004721558]
Event: 2.510 Thread 0x00000000182b8800 1217       3       com.android.dx.ssa.back.SsaToRop::verifyValidExitPredecessor (53 bytes)
Event: 2.511 Thread 0x00000000182b8800 nmethod 1217 0x000000000472ed90 code [0x000000000472ef80, 0x000000000472f798]
Event: 2.513 Thread 0x0000000016940800 1218       4       com.android.dx.ssa.back.LivenessAnalyzer::liveOutAtStatement (61 bytes)

GC Heap History (2 events):
Event: 2.316 GC heap before
{Heap before GC invocations=1 (full 0):
 PSYoungGen      total 38400K, used 33280K [0x00000000eab00000, 0x00000000ed580000, 0x0000000100000000)
  eden space 33280K, 100% used [0x00000000eab00000,0x00000000ecb80000,0x00000000ecb80000)
  from space 5120K, 0% used [0x00000000ed080000,0x00000000ed080000,0x00000000ed580000)
  to   space 5120K, 0% used [0x00000000ecb80000,0x00000000ecb80000,0x00000000ed080000)
 ParOldGen       total 87552K, used 0K [0x00000000c0000000, 0x00000000c5580000, 0x00000000eab00000)
  object space 87552K, 0% used [0x00000000c0000000,0x00000000c0000000,0x00000000c5580000)
 Metaspace       used 6034K, capacity 6960K, committed 7040K, reserved 1056768K
  class space    used 607K, capacity 616K, committed 640K, reserved 1048576K
Event: 2.375 GC heap after
Heap after GC invocations=1 (full 0):
 PSYoungGen      total 38400K, used 5035K [0x00000000eab00000, 0x00000000ed580000, 0x0000000100000000)
  eden space 33280K, 0% used [0x00000000eab00000,0x00000000eab00000,0x00000000ecb80000)
  from space 5120K, 98% used [0x00000000ecb80000,0x00000000ed06acc8,0x00000000ed080000)
  to   space 5120K, 0% used [0x00000000ed080000,0x00000000ed080000,0x00000000ed580000)
 ParOldGen       total 87552K, used 0K [0x00000000c0000000, 0x00000000c5580000, 0x00000000eab00000)
  object space 87552K, 0% used [0x00000000c0000000,0x00000000c0000000,0x00000000c5580000)
 Metaspace       used 6034K, capacity 6960K, committed 7040K, reserved 1056768K
  class space    used 607K, capacity 616K, committed 640K, reserved 1048576K
}

Deoptimization events (10 events):
Event: 1.386 Thread 0x0000000004150800 Uncommon trap: reason=unstable_if action=reinterpret pc=0x00000000043bd080 method=java.util.regex.Pattern$BnM.match(Ljava/util/regex/Matcher;ILjava/lang/CharSequence;)Z @ 34
Event: 1.397 Thread 0x0000000004150800 Uncommon trap: reason=unstable_if action=reinterpret pc=0x00000000043c36e8 method=java.util.regex.Pattern$BnM.match(Ljava/util/regex/Matcher;ILjava/lang/CharSequence;)Z @ 34
Event: 1.522 Thread 0x0000000004150800 Uncommon trap: reason=unstable_if action=reinterpret pc=0x00000000043be494 method=java.lang.String.compareTo(Ljava/lang/String;)I @ 38
Event: 1.967 Thread 0x00000000185e6800 Uncommon trap: reason=unstable_if action=reinterpret pc=0x00000000044ae2c0 method=java.util.HashMap.getNode(ILjava/lang/Object;)Ljava/util/HashMap$Node; @ 62
Event: 1.972 Thread 0x00000000185e6800 Uncommon trap: reason=unstable_if action=reinterpret pc=0x00000000045241bc method=java.util.HashMap.getNode(ILjava/lang/Object;)Ljava/util/HashMap$Node; @ 62
Event: 2.150 Thread 0x00000000185f2000 Uncommon trap: reason=class_check action=maybe_recompile pc=0x000000000458bc14 method=com.android.dx.ssa.NormalSsaInsn.accept(Lcom/android/dx/ssa/SsaInsn$Visitor;)V @ 9
Event: 2.267 Thread 0x0000000004150800 Uncommon trap: reason=unstable_if action=reinterpret pc=0x00000000044badb0 method=java.util.BitSet.nextSetBit(I)I @ 87
Event: 2.302 Thread 0x00000000185ee800 Uncommon trap: reason=class_check action=maybe_recompile pc=0x000000000458bc14 method=com.android.dx.ssa.NormalSsaInsn.accept(Lcom/android/dx/ssa/SsaInsn$Visitor;)V @ 9
Event: 2.309 Thread 0x00000000185f2000 Uncommon trap: reason=class_check action=maybe_recompile pc=0x000000000458bc14 method=com.android.dx.ssa.NormalSsaInsn.accept(Lcom/android/dx/ssa/SsaInsn$Visitor;)V @ 9
Event: 2.390 Thread 0x00000000185e6800 Uncommon trap: reason=class_check action=maybe_recompile pc=0x000000000458bc14 method=com.android.dx.ssa.NormalSsaInsn.accept(Lcom/android/dx/ssa/SsaInsn$Visitor;)V @ 9

Internal exceptions (3 events):
Event: 0.464 Thread 0x0000000004150800 Exception <a 'java/lang/NoSuchMethodError': Method sun.misc.Unsafe.defineClass(Ljava/lang/String;[BII)Ljava/lang/Class; name or signature does not match> (0x00000000eab07ca8) thrown at [C:\re\workspace\8-2-build-windows-amd64-cygwin\jdk8u151\9699\hotspot\
Event: 0.464 Thread 0x0000000004150800 Exception <a 'java/lang/NoSuchMethodError': Method sun.misc.Unsafe.prefetchRead(Ljava/lang/Object;J)V name or signature does not match> (0x00000000eab07f90) thrown at [C:\re\workspace\8-2-build-windows-amd64-cygwin\jdk8u151\9699\hotspot\src\share\vm\prims
Event: 0.781 Thread 0x0000000004150800 Exception <a 'java/io/FileNotFoundException'> (0x00000000eab59748) thrown at [C:\re\workspace\8-2-build-windows-amd64-cygwin\jdk8u151\9699\hotspot\src\share\vm\prims\jni.cpp, line 709]

Events (10 events):
Event: 2.375 Executing VM operation: ParallelGCFailedAllocation done
Event: 2.390 Thread 0x00000000185e6800 Uncommon trap: trap_request=0xffffffde fr.pc=0x000000000458bc14
Event: 2.390 Thread 0x00000000185e6800 DEOPT PACKING pc=0x000000000458bc14 sp=0x0000000018bfe6a0
Event: 2.390 Thread 0x00000000185e6800 DEOPT UNPACKING pc=0x000000000429582a sp=0x0000000018bfe5e0 mode 2
Event: 2.440 loading class java/io/FileOutputStream$1
Event: 2.440 loading class java/io/FileOutputStream$1 done
Event: 2.471 loading class java/util/concurrent/ThreadLocalRandom
Event: 2.471 loading class java/util/Random
Event: 2.471 loading class java/util/Random done
Event: 2.471 loading class java/util/concurrent/ThreadLocalRandom done


Dynamic libraries:
0x00007ff707d90000 - 0x00007ff707dc7000 	C:\Program Files\Java\jdk1.8.0_151\bin\java.exe
0x00007ffd62c10000 - 0x00007ffd62df0000 	C:\WINDOWS\SYSTEM32\ntdll.dll
0x00007ffd62020000 - 0x00007ffd620ce000 	C:\WINDOWS\System32\KERNEL32.DLL
0x00007ffd5f250000 - 0x00007ffd5f4b6000 	C:\WINDOWS\System32\KERNELBASE.dll
0x00007ffd61db0000 - 0x00007ffd61e51000 	C:\WINDOWS\System32\ADVAPI32.dll
0x00007ffd628b0000 - 0x00007ffd6294d000 	C:\WINDOWS\System32\msvcrt.dll
0x00007ffd62950000 - 0x00007ffd629ab000 	C:\WINDOWS\System32\sechost.dll
0x00007ffd62790000 - 0x00007ffd628af000 	C:\WINDOWS\System32\RPCRT4.dll
0x00007ffd61c20000 - 0x00007ffd61daf000 	C:\WINDOWS\System32\USER32.dll
0x00007ffd5f010000 - 0x00007ffd5f030000 	C:\WINDOWS\System32\win32u.dll
0x00007ffd62a30000 - 0x00007ffd62a58000 	C:\WINDOWS\System32\GDI32.dll
0x00007ffd5f5c0000 - 0x00007ffd5f753000 	C:\WINDOWS\System32\gdi32full.dll
0x00007ffd60040000 - 0x00007ffd600db000 	C:\WINDOWS\System32\msvcp_win.dll
0x00007ffd5f4c0000 - 0x00007ffd5f5b6000 	C:\WINDOWS\System32\ucrtbase.dll
0x00007ffd54400000 - 0x00007ffd54669000 	C:\WINDOWS\WinSxS\amd64_microsoft.windows.common-controls_6595b64144ccf1df_6.0.16299.214_none_15cad1489362ef88\COMCTL32.dll
0x00007ffd60290000 - 0x00007ffd60598000 	C:\WINDOWS\System32\combase.dll
0x00007ffd5f810000 - 0x00007ffd5f882000 	C:\WINDOWS\System32\bcryptPrimitives.dll
0x00007ffd62a60000 - 0x00007ffd62a8d000 	C:\WINDOWS\System32\IMM32.DLL
0x00000000668c0000 - 0x0000000066992000 	C:\Program Files\Java\jdk1.8.0_151\jre\bin\msvcr100.dll
0x0000000066e50000 - 0x00000000676ed000 	C:\Program Files\Java\jdk1.8.0_151\jre\bin\server\jvm.dll
0x00007ffd62bd0000 - 0x00007ffd62bd8000 	C:\WINDOWS\System32\PSAPI.DLL
0x00007ffd597d0000 - 0x00007ffd597d9000 	C:\WINDOWS\SYSTEM32\WSOCK32.dll
0x00007ffd629c0000 - 0x00007ffd62a2c000 	C:\WINDOWS\System32\WS2_32.dll
0x00007ffd55540000 - 0x00007ffd55563000 	C:\WINDOWS\SYSTEM32\WINMM.dll
0x00007ffd53af0000 - 0x00007ffd53afa000 	C:\WINDOWS\SYSTEM32\VERSION.dll
0x00007ffd55510000 - 0x00007ffd5553a000 	C:\WINDOWS\SYSTEM32\WINMMBASE.dll
0x00007ffd5f200000 - 0x00007ffd5f24a000 	C:\WINDOWS\System32\cfgmgr32.dll
0x0000000066d60000 - 0x0000000066d6f000 	C:\Program Files\Java\jdk1.8.0_151\jre\bin\verify.dll
0x0000000066d30000 - 0x0000000066d59000 	C:\Program Files\Java\jdk1.8.0_151\jre\bin\java.dll
0x0000000066d10000 - 0x0000000066d26000 	C:\Program Files\Java\jdk1.8.0_151\jre\bin\zip.dll
0x00007ffd607e0000 - 0x00007ffd61c16000 	C:\WINDOWS\System32\SHELL32.dll
0x00007ffd61e60000 - 0x00007ffd61f06000 	C:\WINDOWS\System32\shcore.dll
0x00007ffd5f890000 - 0x00007ffd5ffd7000 	C:\WINDOWS\System32\windows.storage.dll
0x00007ffd62a90000 - 0x00007ffd62ae1000 	C:\WINDOWS\System32\shlwapi.dll
0x00007ffd5eff0000 - 0x00007ffd5f001000 	C:\WINDOWS\System32\kernel.appcore.dll
0x00007ffd5efa0000 - 0x00007ffd5efec000 	C:\WINDOWS\System32\powrprof.dll
0x00007ffd5ef60000 - 0x00007ffd5ef7b000 	C:\WINDOWS\System32\profapi.dll

VM Arguments:
jvm_args: -Djava.awt.headless=true -Xmx1024M -Dfile.encoding=windows-1252 -Duser.country=BR -Duser.language=pt -Duser.variant 
java_command: com.android.dx.command.Main --dex --force-jumbo --num-threads=4 --multi-dex --output C:\Users\evand\AndroidStudioProjects\AulaActivity\app\build\intermediates\transforms\dex\debug\folders\1000\10\com.android.support-support-compat-25.3.1_830cc355e18cfe76d5e0d0fd65a8e289d5eba1b1 C:\Users\evand\AndroidStudioProjects\AulaActivity\app\build\intermediates\exploded-aar\com.android.support\support-compat\25.3.1\jars\classes.jar
java_class_path (initial): C:\Users\evand\AppData\Local\Android\sdk\build-tools\27.0.3\lib\dx.jar
Launcher Type: SUN_STANDARD

Environment Variables:
PATH=C:\ProgramData\Oracle\Java\javapath;C:\WINDOWS\system32;C:\WINDOWS;C:\WINDOWS\System32\Wbem;C:\WINDOWS\System32\WindowsPowerShell\v1.0\;C:\Program Files\MySQL\MySQL Utilities 1.6\;C:\Program Files\Git\cmd;C:\Program Files (x86)\NVIDIA Corporation\PhysX\Common;C:\Users\evand\AppData\Local\Microsoft\WindowsApps;
USERNAME=evand
OS=Windows_NT
PROCESSOR_IDENTIFIER=Intel64 Family 6 Model 61 Stepping 4, GenuineIntel



---------------  S Y S T E M  ---------------

OS: Windows 10.0 , 64 bit Build 16299 (10.0.16299.15)

CPU:total 4 (initial active 4) (2 cores per cpu, 2 threads per core) family 6 model 61 stepping 4, cmov, cx8, fxsr, mmx, sse, sse2, sse3, ssse3, sse4.1, sse4.2, popcnt, avx, avx2, aes, clmul, erms, 3dnowpref, lzcnt, ht, tsc, tscinvbit, bmi1, bmi2, adx

Memory: 4k page, physical 8298376k(1417172k free), swap 8298376k(5316k free)

vm_info: Java HotSpot(TM) 64-Bit Server VM (25.151-b12) for windows-amd64 JRE (1.8.0_151-b12), built on Sep  5 2017 19:33:46 by "java_re" with MS VC++ 10.0 (VS2010)

time: Wed Feb 07 14:49:30 2018
elapsed time: 2 seconds (0d 0h 0m 2s)

